<?xml version="1.0" encoding="UTF-8"?>
<!-- Generated by org.testng.reporters.JUnitReportReporter -->
<testsuite hostname="ITMERIONB" name="ShufersalMiron.Sprod.ListAndOrders" tests="1" failures="0" timestamp="1 Jun 2021 04:46:09 GMT" time="26.811" errors="0">
  <testcase name="ListAndOrdersSecion" time="26.811" classname="ShufersalMiron.Sprod.ListAndOrders"/>
</testsuite> <!-- ShufersalMiron.Sprod.ListAndOrders -->
