<?xml version="1.0" encoding="UTF-8"?>
<!-- Generated by org.testng.reporters.JUnitReportReporter -->
<testsuite skipped="0" hostname="עמית-HP" name="ShufersalMiron.Sprod.PersonalInformation" tests="1" failures="0" timestamp="25 מרץ 2021 07:52:57 GMT" time="44.096" errors="0">
  <testcase name="Add" time="44.096" classname="ShufersalMiron.Sprod.PersonalInformation"/>
</testsuite> <!-- ShufersalMiron.Sprod.PersonalInformation -->
