<?xml version="1.0" encoding="UTF-8"?>
<!-- Generated by org.testng.reporters.JUnitReportReporter -->
<testsuite hostname="ITMERIONB" name="ShufersalMiron.Sprod.check" tests="1" failures="0" timestamp="25 May 2021 11:20:50 GMT" time="0.009" errors="0">
  <testcase name="test" time="0.009" classname="ShufersalMiron.Sprod.check"/>
</testsuite> <!-- ShufersalMiron.Sprod.check -->
