<?xml version="1.0" encoding="UTF-8"?>
<!-- Generated by org.testng.reporters.JUnitReportReporter -->
<testsuite skipped="0" hostname="עמית-HP" name="ShufersalMiron.Sprod.Order2" tests="1" failures="0" timestamp="06 אפר 2021 08:14:05 GMT" time="124.374" errors="0">
  <testcase name="Add" time="124.374" classname="ShufersalMiron.Sprod.Order2"/>
</testsuite> <!-- ShufersalMiron.Sprod.Order2 -->
