<?xml version="1.0" encoding="UTF-8"?>
<!-- Generated by org.testng.reporters.JUnitReportReporter -->
<testsuite skipped="0" hostname="עמית-HP" name="ShufersalMiron.Sprod.LoginName" tests="1" failures="0" timestamp="23 מרץ 2021 14:29:33 GMT" time="89.166" errors="0">
  <testcase name="ValidaionCategory" time="89.166" classname="ShufersalMiron.Sprod.LoginName"/>
</testsuite> <!-- ShufersalMiron.Sprod.LoginName -->
