<?xml version="1.0" encoding="UTF-8"?>
<!-- Generated by org.testng.reporters.JUnitReportReporter -->
<testsuite skipped="0" hostname="עמית-HP" name="ShufersalMiron.Sprod.CheckingAmountBetweenCarts2" tests="1" failures="0" timestamp="06 אפר 2021 10:37:59 GMT" time="173.184" errors="0">
  <testcase name="Add" time="173.184" classname="ShufersalMiron.Sprod.CheckingAmountBetweenCarts2"/>
</testsuite> <!-- ShufersalMiron.Sprod.CheckingAmountBetweenCarts2 -->
