<?xml version="1.0" encoding="UTF-8"?>
<!-- Generated by org.testng.reporters.JUnitReportReporter -->
<testsuite skipped="0" hostname="עמית-HP" name="ShufersalMiron.Sprod.AddingCart2" tests="1" failures="0" timestamp="08 אפר 2021 08:08:07 GMT" time="33.073" errors="0">
  <testcase name="Add" time="33.073" classname="ShufersalMiron.Sprod.AddingCart2"/>
</testsuite> <!-- ShufersalMiron.Sprod.AddingCart2 -->
