<?xml version="1.0" encoding="UTF-8"?>
<!-- Generated by org.testng.reporters.JUnitReportReporter -->
<testsuite hostname="ITMERIONB" name="ShufersalMiron.Sprod.PDP_Test" tests="1" failures="0" timestamp="1 Jun 2021 04:42:16 GMT" time="35.743" errors="0">
  <testcase name="Add" time="35.743" classname="ShufersalMiron.Sprod.PDP_Test"/>
</testsuite> <!-- ShufersalMiron.Sprod.PDP_Test -->
