<?xml version="1.0" encoding="UTF-8"?>
<!-- Generated by org.testng.reporters.JUnitReportReporter -->
<testsuite hostname="ITMERIONB" name="ShufersalMiron.Sprod.SelectFromSearch" tests="1" failures="0" timestamp="25 May 2021 12:14:15 GMT" time="24.580" errors="0">
  <testcase name="AddFromSearch" time="24.580" classname="ShufersalMiron.Sprod.SelectFromSearch"/>
</testsuite> <!-- ShufersalMiron.Sprod.SelectFromSearch -->
