<?xml version="1.0" encoding="UTF-8"?>
<!-- Generated by org.testng.reporters.JUnitReportReporter -->
<testsuite skipped="0" hostname="עמית-HP" name="ShufersalMiron.Sprod.ListAndOrders2" tests="1" failures="0" timestamp="06 אפר 2021 06:46:44 GMT" time="22.169" errors="0">
  <testcase name="ListAndOrdersSecion" time="22.169" classname="ShufersalMiron.Sprod.ListAndOrders2"/>
</testsuite> <!-- ShufersalMiron.Sprod.ListAndOrders2 -->
