<?xml version="1.0" encoding="UTF-8"?>
<!-- Generated by org.testng.reporters.JUnitReportReporter -->
<testsuite hostname="ITMERIONB" name="ShufersalMiron.Sprod.Validation" tests="1" failures="0" timestamp="26 May 2021 05:18:38 GMT" time="20.162" errors="0">
  <testcase name="ValidaionCategory" time="20.162" classname="ShufersalMiron.Sprod.Validation"/>
</testsuite> <!-- ShufersalMiron.Sprod.Validation -->
