<?xml version="1.0" encoding="UTF-8"?>
<!-- Generated by org.testng.reporters.JUnitReportReporter -->
<testsuite skipped="0" hostname="עמית-HP" name="ShufersalMiron.Sprod.PInfoDeleteCard" tests="1" failures="0" timestamp="06 אפר 2021 14:19:23 GMT" time="32.983" errors="0">
  <testcase name="Add" time="32.983" classname="ShufersalMiron.Sprod.PInfoDeleteCard"/>
</testsuite> <!-- ShufersalMiron.Sprod.PInfoDeleteCard -->
