<?xml version="1.0" encoding="UTF-8"?>
<!-- Generated by org.testng.reporters.JUnitReportReporter -->
<testsuite hostname="ITMERIONB" name="ShufersalMiron.Sprod.CheckingAmountBetweenCarts" tests="1" failures="0" timestamp="27 May 2021 05:29:21 GMT" time="75.754" errors="0">
  <testcase name="Add" time="75.754" classname="ShufersalMiron.Sprod.CheckingAmountBetweenCarts"/>
</testsuite> <!-- ShufersalMiron.Sprod.CheckingAmountBetweenCarts -->
