<?xml version="1.0" encoding="UTF-8"?>
<!-- Generated by org.testng.reporters.JUnitReportReporter -->
<testsuite skipped="0" hostname="עמית-HP" name="ShufersalMiron.Sprod.PInfoAddAddress" tests="2" failures="0" timestamp="06 אפר 2021 15:54:24 GMT" time="61.903" errors="0">
  <testcase name="AddAddress" time="56.124" classname="ShufersalMiron.Sprod.PInfoAddAddress"/>
  <testcase name="deleteAddress" time="5.779" classname="ShufersalMiron.Sprod.PInfoAddAddress"/>
</testsuite> <!-- ShufersalMiron.Sprod.PInfoAddAddress -->
