<?xml version="1.0" encoding="UTF-8"?>
<!-- Generated by org.testng.reporters.JUnitReportReporter -->
<testsuite hostname="ITMERIONB" name="ShufersalMiron.Sprod.PInfo_Add_Delete_Address" tests="1" failures="0" timestamp="1 Jun 2021 07:25:16 GMT" time="65.184" errors="0">
  <testcase name="main" time="65.184" classname="ShufersalMiron.Sprod.PInfo_Add_Delete_Address"/>
</testsuite> <!-- ShufersalMiron.Sprod.PInfo_Add_Delete_Address -->
