<?xml version="1.0" encoding="UTF-8"?>
<!-- Generated by org.testng.reporters.JUnitReportReporter -->
<testsuite hostname="ITMERIONB" name="ShufersalMiron.Sprod.AddingCart" tests="1" failures="0" timestamp="1 Jun 2021 04:43:42 GMT" time="33.245" errors="0">
  <testcase name="Add" time="33.245" classname="ShufersalMiron.Sprod.AddingCart"/>
</testsuite> <!-- ShufersalMiron.Sprod.AddingCart -->
