<?xml version="1.0" encoding="UTF-8"?>
<!-- Generated by org.testng.reporters.JUnitReportReporter -->
<testsuite skipped="0" hostname="עמית-HP" name="ShufersalMiron.Sprod.Login" tests="1" failures="0" timestamp="15 מרץ 2021 12:32:53 GMT" time="27.653" errors="0">
  <testcase name="go" time="27.653" classname="ShufersalMiron.Sprod.Login"/>
</testsuite> <!-- ShufersalMiron.Sprod.Login -->
