<?xml version="1.0" encoding="UTF-8"?>
<!-- Generated by org.testng.reporters.JUnitReportReporter -->
<testsuite skipped="0" hostname="עמית-HP" name="ShufersalMiron.Sprod.Coupons_Select2" tests="1" failures="0" timestamp="06 אפר 2021 07:00:17 GMT" time="34.820" errors="0">
  <testcase name="ValidaionCoupons" time="34.820" classname="ShufersalMiron.Sprod.Coupons_Select2"/>
</testsuite> <!-- ShufersalMiron.Sprod.Coupons_Select2 -->
