<?xml version="1.0" encoding="UTF-8"?>
<!-- Generated by org.testng.reporters.JUnitReportReporter -->
<testsuite skipped="0" hostname="עמית-HP" name="ShufersalMiron.Sprod.PersonalInformationAS" tests="1" failures="0" timestamp="06 אפר 2021 10:28:03 GMT" time="49.724" errors="0">
  <testcase name="Add" time="49.724" classname="ShufersalMiron.Sprod.PersonalInformationAS"/>
</testsuite> <!-- ShufersalMiron.Sprod.PersonalInformationAS -->
